******************************* K-fold Training ********************************

********************************** Fold [1/3] **********************************
**************************** Model: dilated_seq2seq ****************************
Seq2Seq(
  (encoder): Encoder(
    (embeddings): ModuleList(
      (0): Embedding(3049, 50)
      (1): Embedding(7, 4)
      (2): Embedding(3, 2)
      (3): Embedding(10, 5)
      (4): Embedding(3, 2)
    )
    (cal_embedding): Embedding(31, 16)
    (drnns): ModuleList(
      (0): DRNN(
        (rnn_dropouts): ModuleList(
          (0): Dropout(p=0.2, inplace=False)
        )
        (cells): Sequential(
          (0): LSTM(132, 128)
          (1): LSTM(128, 128)
        )
      )
      (1): DRNN(
        (rnn_dropouts): ModuleList(
          (0): Dropout(p=0.2, inplace=False)
        )
        (cells): Sequential(
          (0): LSTM(132, 128)
          (1): LSTM(128, 128)
        )
      )
    )
  )
  (decoder): Decoder(
    (embeddings): ModuleList(
      (0): Embedding(3049, 50)
      (1): Embedding(7, 4)
      (2): Embedding(3, 2)
      (3): Embedding(10, 5)
      (4): Embedding(3, 2)
    )
    (cal_embedding): Embedding(31, 16)
    (rnn): LSTM(132, 128, num_layers=2, bidirectional=True)
    (pred): Linear(in_features=256, out_features=1, bias=True)
  )
  (fc_h0): Linear(in_features=6, out_features=4, bias=True)
  (fc_h1): Linear(in_features=6, out_features=4, bias=True)
)

********************************* Loading Data *********************************
*********************************** Training ***********************************

xxxxxxxxxxxxxxxxxxxxxxxxxxxxxxxxx Epoch [1/2] xxxxxxxxxxxxxxxxxxxxxxxxxxxxxxxxxx
Training Loss: 0.7816, Training Error: 0.9868, Training Secondary Error: 0.7463
Validation Loss: 0.8672, Validation Error: 0.8662, Validation Secondary Error: 0.7288
Best model obtained at the end of epoch 1
xxxxxxxxxxxxxxxxxxxxxxxxxxxxxxxxx Epoch [2/2] xxxxxxxxxxxxxxxxxxxxxxxxxxxxxxxxxx
Training Loss: 0.7618, Training Error: 0.8747, Training Secondary Error: 0.7364
Validation Loss: 0.8605, Validation Error: 0.7556, Validation Secondary Error: 0.7282
Best model obtained at the end of epoch 2

********************************** Fold [2/3] **********************************
**************************** Model: dilated_seq2seq ****************************
Seq2Seq(
  (encoder): Encoder(
    (embeddings): ModuleList(
      (0): Embedding(3049, 50)
      (1): Embedding(7, 4)
      (2): Embedding(3, 2)
      (3): Embedding(10, 5)
      (4): Embedding(3, 2)
    )
    (cal_embedding): Embedding(31, 16)
    (drnns): ModuleList(
      (0): DRNN(
        (rnn_dropouts): ModuleList(
          (0): Dropout(p=0.2, inplace=False)
        )
        (cells): Sequential(
          (0): LSTM(132, 128)
          (1): LSTM(128, 128)
        )
      )
      (1): DRNN(
        (rnn_dropouts): ModuleList(
          (0): Dropout(p=0.2, inplace=False)
        )
        (cells): Sequential(
          (0): LSTM(132, 128)
          (1): LSTM(128, 128)
        )
      )
    )
  )
  (decoder): Decoder(
    (embeddings): ModuleList(
      (0): Embedding(3049, 50)
      (1): Embedding(7, 4)
      (2): Embedding(3, 2)
      (3): Embedding(10, 5)
      (4): Embedding(3, 2)
    )
    (cal_embedding): Embedding(31, 16)
    (rnn): LSTM(132, 128, num_layers=2, bidirectional=True)
    (pred): Linear(in_features=256, out_features=1, bias=True)
  )
  (fc_h0): Linear(in_features=6, out_features=4, bias=True)
  (fc_h1): Linear(in_features=6, out_features=4, bias=True)
)

********************************* Loading Data *********************************
*********************************** Training ***********************************

xxxxxxxxxxxxxxxxxxxxxxxxxxxxxxxxx Epoch [1/2] xxxxxxxxxxxxxxxxxxxxxxxxxxxxxxxxxx
Training Loss: 0.7885, Training Error: 0.9088, Training Secondary Error: 0.7356
Validation Loss: 0.8462, Validation Error: 0.9013, Validation Secondary Error: 0.7308
Best model obtained at the end of epoch 1
xxxxxxxxxxxxxxxxxxxxxxxxxxxxxxxxx Epoch [2/2] xxxxxxxxxxxxxxxxxxxxxxxxxxxxxxxxxx
Training Loss: 0.7675, Training Error: 0.8428, Training Secondary Error: 0.7257
Validation Loss: 0.8370, Validation Error: 0.5795, Validation Secondary Error: 0.7273
Best model obtained at the end of epoch 2

********************************** Fold [3/3] **********************************
**************************** Model: dilated_seq2seq ****************************
Seq2Seq(
  (encoder): Encoder(
    (embeddings): ModuleList(
      (0): Embedding(3049, 50)
      (1): Embedding(7, 4)
      (2): Embedding(3, 2)
      (3): Embedding(10, 5)
      (4): Embedding(3, 2)
    )
    (cal_embedding): Embedding(31, 16)
    (drnns): ModuleList(
      (0): DRNN(
        (rnn_dropouts): ModuleList(
          (0): Dropout(p=0.2, inplace=False)
        )
        (cells): Sequential(
          (0): LSTM(132, 128)
          (1): LSTM(128, 128)
        )
      )
      (1): DRNN(
        (rnn_dropouts): ModuleList(
          (0): Dropout(p=0.2, inplace=False)
        )
        (cells): Sequential(
          (0): LSTM(132, 128)
          (1): LSTM(128, 128)
        )
      )
    )
  )
  (decoder): Decoder(
    (embeddings): ModuleList(
      (0): Embedding(3049, 50)
      (1): Embedding(7, 4)
      (2): Embedding(3, 2)
      (3): Embedding(10, 5)
      (4): Embedding(3, 2)
    )
    (cal_embedding): Embedding(31, 16)
    (rnn): LSTM(132, 128, num_layers=2, bidirectional=True)
    (pred): Linear(in_features=256, out_features=1, bias=True)
  )
  (fc_h0): Linear(in_features=6, out_features=4, bias=True)
  (fc_h1): Linear(in_features=6, out_features=4, bias=True)
)

********************************* Loading Data *********************************
*********************************** Training ***********************************

xxxxxxxxxxxxxxxxxxxxxxxxxxxxxxxxx Epoch [1/2] xxxxxxxxxxxxxxxxxxxxxxxxxxxxxxxxxx
Training Loss: 0.7954, Training Error: 0.8237, Training Secondary Error: 0.7473
Validation Loss: 0.8448, Validation Error: 0.8857, Validation Secondary Error: 0.7566
Best model obtained at the end of epoch 1
xxxxxxxxxxxxxxxxxxxxxxxxxxxxxxxxx Epoch [2/2] xxxxxxxxxxxxxxxxxxxxxxxxxxxxxxxxxx
Training Loss: 0.7747, Training Error: 0.7245, Training Secondary Error: 0.7372
Validation Loss: 0.8406, Validation Error: 1.0651, Validation Secondary Error: 0.7558
loss = 0.782 : 100%|██████████| 2668/2668 [15:45<00:00,  2.82it/s]
             : 100%|██████████| 191/191 [00:22<00:00,  8.65it/s]
loss = 0.762 : 100%|██████████| 2668/2668 [15:46<00:00,  2.82it/s]
             : 100%|██████████| 191/191 [00:22<00:00,  8.52it/s]
loss = 0.789 : 100%|██████████| 2668/2668 [15:44<00:00,  2.83it/s]
             : 100%|██████████| 191/191 [00:22<00:00,  8.67it/s]
loss = 0.768 : 100%|██████████| 2668/2668 [15:48<00:00,  2.81it/s]
             : 100%|██████████| 191/191 [00:22<00:00,  8.59it/s]
loss = 0.795 : 100%|██████████| 2668/2668 [15:49<00:00,  2.81it/s]
             : 100%|██████████| 191/191 [00:22<00:00,  8.56it/s]
loss = 0.775 : 100%|██████████| 2668/2668 [15:57<00:00,  2.79it/s]
             : 100%|██████████| 191/191 [00:22<00:00,  8.44it/s]